<?xml version="1.0" encoding="UTF-8"?>
<testsuite name="com.binarysearch.BinarySearchTreeTest" tests="1" skipped="0" failures="0" errors="0" timestamp="2021-05-09T10:41:14" hostname="DESKTOP-45808RR" time="0.007">
  <properties/>
  <testcase name="WhenNumberIsPresentInBinarySearchTreeShouldReturnTrue" classname="com.binarysearch.BinarySearchTreeTest" time="0.007"/>
  <system-out><![CDATA[]]></system-out>
  <system-err><![CDATA[]]></system-err>
</testsuite>
