<?xml version="1.0" encoding="UTF-8"?>
<testsuite name="com.binarysearch.BinarySearchTreeTest" tests="1" skipped="0" failures="0" errors="0" timestamp="2021-05-09T10:22:29" hostname="DESKTOP-45808RR" time="0.003">
  <properties/>
  <testcase name="WhenNmbersAreAddedToBinarySearchTreeShouldReturnSize" classname="com.binarysearch.BinarySearchTreeTest" time="0.003"/>
  <system-out><![CDATA[]]></system-out>
  <system-err><![CDATA[]]></system-err>
</testsuite>
